Sun Nov 09 14:19:52 2014				Page     1

Photoplot log file
Results from aperture table.


INPUT-UNITS     MM

WHEEL     1

LINE           0.001            D93
LINE          0.0254            D92
LINE            0.05            D85
LINE             0.1            D96
LINE          0.1016            D87
LINE            0.12            D94
LINE          0.1524            D88
LINE             0.2            D91
LINE          0.2032            D89
LINE           0.254            D86
LINE            0.29            D111
LINE          0.3048            D84
LINE             0.5            D95
LINE           0.635            D90
LINE               1            D97
LINE             1.2            D110
LINE             1.5            D98
LINE            2.54            D100
LINE               7            D99
CIRCLE        0.6096            D15
CIRCLE         0.635            D107
CIRCLE         0.762            D14
CIRCLE        0.9144            D12
CIRCLE             1            D37
CIRCLE         1.016            D102
CIRCLE        1.0668            D10
CIRCLE        1.1176            D16
CIRCLE         1.143            D101
CIRCLE          1.27            D38
CIRCLE        1.4219            D103
CIRCLE        1.4224            D13
CIRCLE        1.4501            D68
CIRCLE        1.5001            D39
CIRCLE         1.524            D72
CIRCLE          1.65            D55
CIRCLE         1.651            D41
CIRCLE         1.778            D43
CIRCLE         1.905            D73
CIRCLE         2.032            D35
CIRCLE        2.2352            D71
CIRCLE         2.286            D44
CIRCLE        2.3622            D40
CIRCLE         2.413            D36
CIRCLE        2.4892            D42
CIRCLE        2.7432            D34
CIRCLE         2.794            D57
CIRCLE         3.683            D109
Sun Nov 09 14:19:52 2014				Page     2

Photoplot log file
Results from aperture table.

CIRCLE        3.8999            D59
CIRCLE         4.064            D106
CIRCLE        4.1001            D58
CIRCLE          5.08            D105
CIRCLE         5.588            D108
CIRCLE          7.62            D104
SQUARE        1.4501   0.00000            D69
SQUARE         1.524   0.00000            D30
SQUARE          1.65   0.00000            D56
SQUARE        1.6764   0.00000            D70
SQUARE         1.905   0.00000            D31
SQUARE        2.2352   0.00000            D29
RECTANGLE     0.4318     0.508   0.00000  D61
RECTANGLE     0.4801    1.8999   0.00000  D33
RECTANGLE     0.4826     1.524   0.00000  D26
RECTANGLE      0.508    0.4318   0.00000  D60
RECTANGLE     0.5588     0.635   0.00000  D63
RECTANGLE     0.5842     1.778   0.00000  D28
RECTANGLE      0.635    0.5588   0.00000  D62
RECTANGLE     0.7899    0.9299   0.00000  D45
RECTANGLE       0.92      1.38   0.00000  D82
RECTANGLE     0.9299    0.7899   0.00000  D46
RECTANGLE     1.0201      1.05   0.00000  D75
RECTANGLE       1.05    1.0201   0.00000  D74
RECTANGLE     1.1471     1.177   0.00000  D77
RECTANGLE      1.177    1.1471   0.00000  D76
RECTANGLE     1.1938     4.572   0.00000  D79
RECTANGLE       1.38      0.92   0.00000  D83
RECTANGLE      1.524    0.4826   0.00000  D25
RECTANGLE      1.524     5.588   0.00000  D81
RECTANGLE     1.7018    2.4384   0.00000  D64
RECTANGLE      1.778    0.5842   0.00000  D27
RECTANGLE      1.778     5.842   0.00000  D51
RECTANGLE     1.8999    0.4801   0.00000  D32
RECTANGLE     1.9558    2.6924   0.00000  D66
RECTANGLE      2.286     6.604   0.00000  D53
RECTANGLE     2.4384    1.7018   0.00000  D65
RECTANGLE     2.6924    1.9558   0.00000  D67
RECTANGLE     2.9972     5.588   0.00000  D21
RECTANGLE     3.5052     6.604   0.00000  D23
RECTANGLE      4.572    1.1938   0.00000  D78
RECTANGLE      5.588     1.524   0.00000  D80
RECTANGLE      5.588    2.9972   0.00000  D22
RECTANGLE      5.842     1.778   0.00000  D52
RECTANGLE      5.969     6.096   0.00000  D47
RECTANGLE      6.096     5.969   0.00000  D48
RECTANGLE      6.477     6.604   0.00000  D49
RECTANGLE      6.604     2.286   0.00000  D54
RECTANGLE      6.604    3.5052   0.00000  D24
RECTANGLE      6.604     6.477   0.00000  D50
RECTANGLE      8.001   10.9982   0.00000  D18
RECTANGLE      8.763   11.7602   0.00000  D20
Sun Nov 09 14:19:52 2014				Page     3

Photoplot log file
Results from aperture table.

RECTANGLE    10.9982     8.001   0.00000  D17
RECTANGLE    11.7602     8.763   0.00000  D19
FLASH     AB00                 0.00000  D11

