{ Using PSTWRITER 16.5.0 p001Nov-08-2014 at 20:03:19 }

#1 WARNING(ORCAP-36038): "No_connect" property on Pin "U101.24" ignored for U101: SCHEMATIC1, Schematic (289.56, 147.32). Connecting pin to net "VSEN".
#2 WARNING(ORCAP-36038): "No_connect" property on Pin "U101.5" ignored for U101: SCHEMATIC1, Schematic (289.56, 147.32). Connecting pin to net "N13260157".
#3 WARNING(ORCAP-36006): Part Name "CAPACITOR POL_ALUMIUM_330UF_TUTAO_330UF" is renamed to "CAPACITOR POL_ALUMIUM_330UF_TUT".
#4 WARNING(ORCAP-36006): Part Name "BAT54/SOT_0_SOT23_TUTAO_BAT54/SOT" is renamed to "BAT54/SOT_0_SOT23_TUTAO_BAT54/S".
#5 WARNING(ORCAP-36006): Part Name "CON2_HEADER2PINMALE_INDUCTOR CONN" is renamed to "CON2_HEADER2PINMALE_INDUCTOR CO".
#6 WARNING(ORCAP-36006): Part Name "CON4_HEADER4PINMALE_SIGNAL_TEST_CONN" is renamed to "CON4_HEADER4PINMALE_SIGNAL_TEST".
#7 WARNING(ORCAP-36006): Part Name "CONNECTOR EDGE 5_0_HEADER6PINMALE_ICSP" is renamed to "CONNECTOR EDGE 5_0_HEADER6PINMA".
#8 WARNING(ORCAP-36006): Part Name "CON4_HEADER4PINMALE_POWER_SEL_CONN" is renamed to "CON4_HEADER4PINMALE_POWER_SEL_C".
#9 WARNING(ORCAP-36006): Part Name "MMBT2222A/SOT_0_SOT23_TUTAO_MMBT2222A" is renamed to "MMBT2222A/SOT_0_SOT23_TUTAO_MMB".
#10 WARNING(ORCAP-36006): Part Name "IRF540N/TO_0_TO263_TUTAO_SUB85N03-07P" is renamed to "IRF540N/TO_0_TO263_TUTAO_SUB85N".
#11 WARNING(ORCAP-36006): Part Name "SW_TC_SPST_BUTTON_KAN0611-1201B_SW_TC_SPST" is renamed to "SW_TC_SPST_BUTTON_KAN0611-1201B".
#12 WARNING(ORCAP-36006): Part Name "PIC16F1788_0_SSOP28_TUTAO_PIC16LF1788/9" is renamed to "PIC16F1788_0_SSOP28_TUTAO_PIC16".
#13 WARNING(ORCAP-36006): Part Name "LMV358/SO_VSSOP_TUTAO_LMV358IDGKR" is renamed to "LMV358/SO_VSSOP_TUTAO_LMV358IDG".
Scanning netlist files ...

Loading... e:\study\data\ptmd\pcb_v0.1\20141102_22_15\allegro/pstchip.dat

Loading... e:\study\data\ptmd\pcb_v0.1\20141102_22_15\allegro/pstchip.dat

Loading... e:\study\data\ptmd\pcb_v0.1\20141102_22_15\allegro/pstxprt.dat

Loading... e:\study\data\ptmd\pcb_v0.1\20141102_22_15\allegro/pstxnet.dat
packaging the design view...