(---------------------------------------------------------------------)
(                                                                     )
(    Allegro Netrev Import Logic                                      )
(                                                                     )
(    Drawing          : ptmd_pcb20141102_2215.brd                     )
(    Software Version : 16.5P002                                      )
(    Date/Time        : Sat Nov 08 20:03:21 2014                      )
(                                                                     )
(---------------------------------------------------------------------)


------ Directives ------

RIPUP_ETCH FALSE;
RIPUP_DELETE_FIRST_SEGMENT FALSE;
RIPUP_RETAIN_BONDWIRE FALSE;
RIPUP_SYMBOLS ALWAYS;
Missing symbol has error FALSE;
SCHEMATIC_DIRECTORY 'e:\study\data\ptmd\pcb_v0.1\20141102_22_15\allegro';
BOARD_DIRECTORY 'E:/STUDY/DATA/PTMD/PCB_v0.1/20141102_22_15/allegro';
OLD_BOARD_NAME 'E:/STUDY/DATA/PTMD/PCB_v0.1/20141102_22_15/allegro/ptmd_pcb20141102_2215.brd';
NEW_BOARD_NAME 'E:/STUDY/DATA/PTMD/PCB_v0.1/20141102_22_15/allegro/ptmd_pcb20141102_2215.brd';

CmdLine: netrev.exe -5 -y 1 -i e:\study\data\ptmd\pcb_v0.1\20141102_22_15\allegro E:\STUDY\DATA\PTMD\PCB_v0.1\20141102_22_15\allegro\ptmd_pcb20141102_2215.brd E:\STUDY\DATA\PTMD\PCB_v0.1\20141102_22_15\allegro\ptmd_pcb20141102_2215.brd

------ Preparing to read pst files ------

Starting to read e:/study/data/ptmd/pcb_v0.1/20141102_22_15/allegro/pstchip.dat 
   Finished reading e:/study/data/ptmd/pcb_v0.1/20141102_22_15/allegro/pstchip.dat (00:00:00.06)
Starting to read e:/study/data/ptmd/pcb_v0.1/20141102_22_15/allegro/pstxprt.dat 
   Finished reading e:/study/data/ptmd/pcb_v0.1/20141102_22_15/allegro/pstxprt.dat (00:00:00.00)
Starting to read e:/study/data/ptmd/pcb_v0.1/20141102_22_15/allegro/pstxnet.dat 
   Finished reading e:/study/data/ptmd/pcb_v0.1/20141102_22_15/allegro/pstxnet.dat (00:00:00.00)

------ Oversights/Warnings/Errors ------


------ Library Paths ------
MODULEPATH =  . 
           C:/Cadence/SPB_16.5/share/local/pcb/modules 

PSMPATH =  . 
           symbols 
           .. 
           ../symbols 
           C:/Cadence/SPB_16.5/share/local/pcb/symbols 
           C:/Cadence/SPB_16.5/share/pcb/pcb_lib/symbols 
           C:/Cadence/SPB_16.5/share/pcb/allegrolib/symbols 
           C:\CADENCE\SPB_16.5\SHARE\PCB\PCB_LIB\SYMBOLS\ 
           C:\Cadence\SPB_16.5\share\pcb\pcb_lib\symbols\script\ 

PADPATH =  . 
           symbols 
           .. 
           ../symbols 
           C:/Cadence/SPB_16.5/share/local/pcb/padstacks 
           C:/Cadence/SPB_16.5/share/pcb/pcb_lib/symbols 
           C:/Cadence/SPB_16.5/share/pcb/allegrolib/symbols 
           C:\CADENCE\SPB_16.5\SHARE\PCB\PCB_LIB\SYMBOLS\ 
           C:\Cadence\SPB_16.5\share\pcb\pcb_lib\symbols\script\ 


------ Summary Statistics ------


netrev run on Nov 8 20:03:21 2014
   DESIGN NAME : 'PTMD_PCB20141102_2215'
   PACKAGING ON Apr 21 2011 10:02:30

   COMPILE 'logic'
   CHECK_PIN_NAMES OFF
   CROSS_REFERENCE OFF
   FEEDBACK OFF
   INCREMENTAL OFF
   INTERFACE_TYPE PHYSICAL
   MAX_ERRORS 500
   MERGE_MINIMUM 5
   NET_NAME_CHARS '#%&()*+-./:=>?@[]^_`|'
   NET_NAME_LENGTH 24
   OVERSIGHTS ON
   REPLACE_CHECK OFF
   SINGLE_NODE_NETS ON
   SPLIT_MINIMUM 0
   SUPPRESS   20
   WARNINGS ON

 No error detected
 No oversight detected
 No warning detected

cpu time      0:00:44
elapsed time  0:00:01

