
---------------------------------------------------------------------------
BOARD: E:/STUDY/DATA/PTMD/PCB_v0.1/20141102_22_15/allegro/ptmd_pcb20141102_2215.brd ROUTER: 10-0-25 of 10-Nov-94
DATE: Sun Nov 09 12:15:41 2014        HOST: WIN7-PC
---------------------------------------------------------------------------
Cnt St-ex Router      Att  Inv Miss Com% Drcs Vias   Etch  Cpu exec  Cpu Tot
--------- ------    ----- ---- ---- ---- ---- ---- ------  -------- --------
  Start    ----       161    0    0 100%    0  110    76.0  0:00:32  0:00:00
  1s 1-1  oldrouter    0    0    0 100%    0  110    76.0  0:00:32  0:00:00

---------------------------------------------------------------------------
BOARD: E:/STUDY/DATA/PTMD/PCB_v0.1/20141102_22_15/allegro/ptmd_pcb20141102_2215.brd ROUTER: 10-0-25 of 10-Nov-94
DATE: Sun Nov 09 12:15:41 2014        HOST: WIN7-PC
---------------------------------------------------------------------------
Cnt St-ex Router      Att  Inv Miss Com% Drcs Vias   Etch  Cpu exec  Cpu Tot
--------- ------    ----- ---- ---- ---- ---- ---- ------  -------- --------
  Start    ----       161    0    0 100%    0  110    76.0  0:00:32  0:00:00

---------------------------------------------------------------------------
BOARD: E:/STUDY/DATA/PTMD/PCB_v0.1/20141102_22_15/allegro/ptmd_pcb20141102_2215.brd ROUTER: 10-0-25 of 10-Nov-94
DATE: Sun Nov 09 12:15:41 2014        HOST: WIN7-PC
---------------------------------------------------------------------------
Cnt St-ex Router      Att  Inv Miss Com% Drcs Vias   Etch  Cpu exec  Cpu Tot
--------- ------    ----- ---- ---- ---- ---- ---- ------  -------- --------
  Start    ----       161    0    0 100%    0  110    76.0  0:00:32  0:00:00
